TN:
SF:C:\Users\Robin\Desktop\fullstackkurssi\Osa 4\front\src\App.js
FN:12,(anonymous_0)
FN:28,(anonymous_1)
FN:42,(anonymous_2)
FN:66,(anonymous_3)
FN:71,(anonymous_4)
FN:77,(anonymous_5)
FN:78,(anonymous_6)
FN:83,(anonymous_7)
FN:93,(anonymous_8)
FN:98,(anonymous_9)
FN:103,(anonymous_10)
FN:110,(anonymous_11)
FN:111,(anonymous_12)
FN:116,(anonymous_13)
FN:122,(anonymous_14)
FN:125,(anonymous_15)
FN:130,(anonymous_16)
FN:137,(anonymous_17)
FN:148,(anonymous_18)
FN:154,(anonymous_19)
FN:160,(anonymous_20)
FN:165,(anonymous_21)
FN:171,(anonymous_22)
FN:177,(anonymous_23)
FN:178,(anonymous_24)
FN:185,(anonymous_25)
FN:186,(anonymous_26)
FN:200,(anonymous_27)
FN:205,(anonymous_28)
FNF:29
FNH:10
FNDA:2,(anonymous_0)
FNDA:2,(anonymous_1)
FNDA:0,(anonymous_2)
FNDA:0,(anonymous_3)
FNDA:0,(anonymous_4)
FNDA:3,(anonymous_5)
FNDA:0,(anonymous_6)
FNDA:0,(anonymous_7)
FNDA:0,(anonymous_8)
FNDA:0,(anonymous_9)
FNDA:0,(anonymous_10)
FNDA:3,(anonymous_11)
FNDA:0,(anonymous_12)
FNDA:0,(anonymous_13)
FNDA:0,(anonymous_14)
FNDA:0,(anonymous_15)
FNDA:0,(anonymous_16)
FNDA:0,(anonymous_17)
FNDA:0,(anonymous_18)
FNDA:0,(anonymous_19)
FNDA:0,(anonymous_20)
FNDA:0,(anonymous_21)
FNDA:0,(anonymous_22)
FNDA:4,(anonymous_23)
FNDA:1,(anonymous_24)
FNDA:2,(anonymous_25)
FNDA:3,(anonymous_26)
FNDA:1,(anonymous_27)
FNDA:1,(anonymous_28)
DA:13,2
DA:14,2
DA:29,2
DA:30,2
DA:32,2
DA:35,2
DA:36,0
DA:37,0
DA:38,0
DA:43,0
DA:44,0
DA:47,0
DA:48,0
DA:55,0
DA:56,0
DA:66,0
DA:67,0
DA:70,0
DA:71,0
DA:72,0
DA:78,3
DA:79,0
DA:80,0
DA:83,0
DA:84,0
DA:88,0
DA:89,0
DA:93,0
DA:98,0
DA:99,0
DA:102,0
DA:103,0
DA:104,0
DA:111,3
DA:112,0
DA:113,0
DA:116,0
DA:117,0
DA:118,0
DA:122,0
DA:125,0
DA:126,0
DA:129,0
DA:130,0
DA:131,0
DA:138,0
DA:139,0
DA:140,0
DA:141,0
DA:142,0
DA:145,0
DA:147,0
DA:148,0
DA:149,0
DA:155,0
DA:156,0
DA:159,0
DA:160,0
DA:161,0
DA:166,0
DA:172,0
DA:178,4
DA:179,1
DA:185,2
DA:186,3
DA:200,4
DA:201,1
DA:205,1
DA:217,4
DA:218,3
DA:231,1
LF:71
LH:18
BRDA:35,0,0,0
BRDA:35,0,1,2
BRDA:93,1,0,0
BRDA:93,1,1,0
BRDA:217,2,0,3
BRDA:217,2,1,1
BRF:6
BRH:3
end_of_record
TN:
SF:C:\Users\Robin\Desktop\fullstackkurssi\Osa 4\front\src\index.js
FN:3,_interopRequireDefault
FNF:1
FNH:0
FNDA:0,_interopRequireDefault
DA:1,0
DA:2,0
DA:3,0
DA:5,0
LF:4
LH:0
BRDA:3,0,0,0
BRDA:3,0,1,0
BRDA:3,1,0,0
BRDA:3,1,1,0
BRF:4
BRH:0
end_of_record
TN:
SF:C:\Users\Robin\Desktop\fullstackkurssi\Osa 4\front\src\setupTests.js
FN:7,(anonymous_0)
FN:10,(anonymous_1)
FNF:2
FNH:1
FNDA:0,(anonymous_0)
FNDA:2,(anonymous_1)
DA:4,3
DA:6,3
DA:8,0
DA:10,2
DA:14,3
DA:16,3
LF:6
LH:5
BRF:0
BRH:0
end_of_record
TN:
SF:C:\Users\Robin\Desktop\fullstackkurssi\Osa 4\front\src\components\Blog.js
FN:4,(anonymous_0)
FN:11,(anonymous_1)
FN:12,(anonymous_2)
FN:18,(anonymous_3)
FN:31,(anonymous_4)
FNF:5
FNH:4
FNDA:5,(anonymous_0)
FNDA:6,(anonymous_1)
FNDA:0,(anonymous_2)
FNDA:1,(anonymous_3)
FNDA:6,(anonymous_4)
DA:5,5
DA:6,5
DA:12,6
DA:13,0
DA:18,6
DA:19,1
DA:20,0
DA:23,1
DA:24,0
DA:31,6
DA:32,6
DA:33,1
DA:44,6
DA:51,6
LF:14
LH:11
BRDA:19,0,0,0
BRDA:19,0,1,1
BRDA:23,1,0,0
BRDA:23,1,1,1
BRDA:32,2,0,1
BRDA:32,2,1,5
BRF:6
BRH:4
end_of_record
TN:
SF:C:\Users\Robin\Desktop\fullstackkurssi\Osa 4\front\src\components\BlogCreationForm.js
FN:3,(anonymous_0)
FNF:1
FNH:1
FNDA:1,(anonymous_0)
DA:3,1
DA:4,1
LF:2
LH:2
BRF:0
BRH:0
end_of_record
TN:
SF:C:\Users\Robin\Desktop\fullstackkurssi\Osa 4\front\src\components\LoginForm.js
FN:4,(anonymous_0)
FNF:1
FNH:1
FNDA:3,(anonymous_0)
DA:4,1
DA:5,3
DA:31,1
LF:3
LH:3
BRF:0
BRH:0
end_of_record
TN:
SF:C:\Users\Robin\Desktop\fullstackkurssi\Osa 4\front\src\components\Notification.js
FN:3,(anonymous_0)
FNF:1
FNH:1
FNDA:8,(anonymous_0)
DA:3,1
DA:4,8
DA:5,8
DA:7,0
DA:8,0
DA:14,0
LF:6
LH:3
BRDA:4,0,0,8
BRDA:4,0,1,0
BRDA:7,1,0,0
BRDA:7,1,1,0
BRF:4
BRH:1
end_of_record
TN:
SF:C:\Users\Robin\Desktop\fullstackkurssi\Osa 4\front\src\components\SimpleBlog.js
FN:3,(anonymous_0)
FNF:1
FNH:0
FNDA:0,(anonymous_0)
DA:3,1
DA:4,0
LF:2
LH:1
BRF:0
BRH:0
end_of_record
TN:
SF:C:\Users\Robin\Desktop\fullstackkurssi\Osa 4\front\src\components\Toggleable.js
FN:5,(anonymous_0)
FN:12,(anonymous_1)
FN:18,(anonymous_2)
FNF:3
FNH:2
FNDA:1,(anonymous_0)
FNDA:0,(anonymous_1)
FNDA:1,(anonymous_2)
DA:6,1
DA:7,1
DA:13,0
DA:19,1
DA:24,1
DA:30,1
DA:44,1
LF:7
LH:6
BRDA:20,0,0,0
BRDA:20,0,1,1
BRDA:25,1,0,0
BRDA:25,1,1,1
BRF:4
BRH:2
end_of_record
TN:
SF:C:\Users\Robin\Desktop\fullstackkurssi\Osa 4\front\src\services\blogs.js
FN:1,_interopRequireDefault
FN:6,(anonymous_1)
FN:11,(anonymous_2)
FN:22,(anonymous_3)
FN:33,(anonymous_4)
FN:38,(anonymous_5)
FNF:6
FNH:0
FNDA:0,_interopRequireDefault
FNDA:0,(anonymous_1)
FNDA:0,(anonymous_2)
FNDA:0,(anonymous_3)
FNDA:0,(anonymous_4)
FNDA:0,(anonymous_5)
DA:1,0
DA:2,0
DA:4,0
DA:6,0
DA:7,0
DA:8,0
DA:11,0
DA:12,0
DA:18,0
DA:19,0
DA:22,0
DA:23,0
DA:29,0
DA:30,0
DA:33,0
DA:34,0
DA:35,0
DA:38,0
DA:39,0
DA:40,0
LF:20
LH:0
BRDA:1,0,0,0
BRDA:1,0,1,0
BRDA:1,1,0,0
BRDA:1,1,1,0
BRF:4
BRH:0
end_of_record
TN:
SF:C:\Users\Robin\Desktop\fullstackkurssi\Osa 4\front\src\services\login.js
FN:4,(anonymous_0)
FNF:1
FNH:0
FNDA:0,(anonymous_0)
DA:2,1
DA:4,1
DA:5,0
DA:6,0
LF:4
LH:2
BRF:0
BRH:0
end_of_record
