{"C:\\Users\\Robin\\Desktop\\fullstackkurssi\\Osa 4\\front\\src\\App.js": {"path":"C:\\Users\\Robin\\Desktop\\fullstackkurssi\\Osa 4\\front\\src\\App.js","statementMap":{"0":{"start":{"line":13,"column":4},"end":{"line":13,"column":16}},"1":{"start":{"line":14,"column":4},"end":{"line":25,"column":5}},"2":{"start":{"line":29,"column":18},"end":{"line":29,"column":44}},"3":{"start":{"line":30,"column":4},"end":{"line":30,"column":33}},"4":{"start":{"line":32,"column":27},"end":{"line":34,"column":28}},"5":{"start":{"line":35,"column":4},"end":{"line":39,"column":5}},"6":{"start":{"line":36,"column":19},"end":{"line":36,"column":45}},"7":{"start":{"line":37,"column":6},"end":{"line":37,"column":27}},"8":{"start":{"line":38,"column":6},"end":{"line":38,"column":38}},"9":{"start":{"line":43,"column":4},"end":{"line":43,"column":22}},"10":{"start":{"line":44,"column":4},"end":{"line":46,"column":25}},"11":{"start":{"line":47,"column":4},"end":{"line":74,"column":5}},"12":{"start":{"line":48,"column":25},"end":{"line":54,"column":7}},"13":{"start":{"line":55,"column":6},"end":{"line":55,"column":42}},"14":{"start":{"line":56,"column":6},"end":{"line":65,"column":8}},"15":{"start":{"line":66,"column":6},"end":{"line":68,"column":14}},"16":{"start":{"line":67,"column":8},"end":{"line":67,"column":38}},"17":{"start":{"line":70,"column":6},"end":{"line":70,"column":54}},"18":{"start":{"line":71,"column":6},"end":{"line":73,"column":14}},"19":{"start":{"line":72,"column":8},"end":{"line":72,"column":36}},"20":{"start":{"line":78,"column":4},"end":{"line":107,"column":5}},"21":{"start":{"line":79,"column":6},"end":{"line":106,"column":7}},"22":{"start":{"line":80,"column":21},"end":{"line":83,"column":33}},"23":{"start":{"line":83,"column":21},"end":{"line":83,"column":32}},"24":{"start":{"line":84,"column":26},"end":{"line":87,"column":9}},"25":{"start":{"line":88,"column":8},"end":{"line":88,"column":47}},"26":{"start":{"line":89,"column":8},"end":{"line":97,"column":10}},"27":{"start":{"line":93,"column":25},"end":{"line":95,"column":25}},"28":{"start":{"line":98,"column":8},"end":{"line":100,"column":16}},"29":{"start":{"line":99,"column":10},"end":{"line":99,"column":40}},"30":{"start":{"line":102,"column":8},"end":{"line":102,"column":55}},"31":{"start":{"line":103,"column":8},"end":{"line":105,"column":16}},"32":{"start":{"line":104,"column":10},"end":{"line":104,"column":38}},"33":{"start":{"line":111,"column":4},"end":{"line":134,"column":5}},"34":{"start":{"line":112,"column":6},"end":{"line":133,"column":7}},"35":{"start":{"line":113,"column":21},"end":{"line":116,"column":33}},"36":{"start":{"line":116,"column":21},"end":{"line":116,"column":32}},"37":{"start":{"line":117,"column":8},"end":{"line":117,"column":41}},"38":{"start":{"line":118,"column":8},"end":{"line":124,"column":10}},"39":{"start":{"line":122,"column":28},"end":{"line":122,"column":42}},"40":{"start":{"line":125,"column":8},"end":{"line":127,"column":16}},"41":{"start":{"line":126,"column":10},"end":{"line":126,"column":40}},"42":{"start":{"line":129,"column":8},"end":{"line":129,"column":50}},"43":{"start":{"line":130,"column":8},"end":{"line":132,"column":16}},"44":{"start":{"line":131,"column":10},"end":{"line":131,"column":38}},"45":{"start":{"line":138,"column":4},"end":{"line":138,"column":22}},"46":{"start":{"line":139,"column":4},"end":{"line":151,"column":5}},"47":{"start":{"line":140,"column":19},"end":{"line":140,"column":107}},"48":{"start":{"line":141,"column":6},"end":{"line":141,"column":55}},"49":{"start":{"line":142,"column":6},"end":{"line":144,"column":52}},"50":{"start":{"line":145,"column":6},"end":{"line":145,"column":38}},"51":{"start":{"line":147,"column":6},"end":{"line":147,"column":61}},"52":{"start":{"line":148,"column":6},"end":{"line":150,"column":14}},"53":{"start":{"line":149,"column":8},"end":{"line":149,"column":36}},"54":{"start":{"line":155,"column":4},"end":{"line":155,"column":22}},"55":{"start":{"line":156,"column":4},"end":{"line":158,"column":14}},"56":{"start":{"line":159,"column":4},"end":{"line":159,"column":64}},"57":{"start":{"line":160,"column":4},"end":{"line":162,"column":12}},"58":{"start":{"line":161,"column":6},"end":{"line":161,"column":36}},"59":{"start":{"line":166,"column":4},"end":{"line":168,"column":6}},"60":{"start":{"line":172,"column":4},"end":{"line":174,"column":6}},"61":{"start":{"line":178,"column":18},"end":{"line":198,"column":5}},"62":{"start":{"line":179,"column":6},"end":{"line":197,"column":7}},"63":{"start":{"line":185,"column":28},"end":{"line":185,"column":45}},"64":{"start":{"line":186,"column":25},"end":{"line":195,"column":59}},"65":{"start":{"line":200,"column":25},"end":{"line":215,"column":5}},"66":{"start":{"line":201,"column":6},"end":{"line":214,"column":7}},"67":{"start":{"line":205,"column":30},"end":{"line":205,"column":66}},"68":{"start":{"line":217,"column":4},"end":{"line":229,"column":5}},"69":{"start":{"line":218,"column":6},"end":{"line":228,"column":7}},"70":{"start":{"line":231,"column":4},"end":{"line":252,"column":5}}},"fnMap":{"0":{"name":"(anonymous_0)","decl":{"start":{"line":12,"column":2},"end":{"line":12,"column":3}},"loc":{"start":{"line":12,"column":21},"end":{"line":26,"column":3}},"line":12},"1":{"name":"(anonymous_1)","decl":{"start":{"line":28,"column":22},"end":{"line":28,"column":23}},"loc":{"start":{"line":28,"column":33},"end":{"line":40,"column":3}},"line":28},"2":{"name":"(anonymous_2)","decl":{"start":{"line":42,"column":12},"end":{"line":42,"column":13}},"loc":{"start":{"line":42,"column":24},"end":{"line":75,"column":3}},"line":42},"3":{"name":"(anonymous_3)","decl":{"start":{"line":66,"column":17},"end":{"line":66,"column":18}},"loc":{"start":{"line":66,"column":23},"end":{"line":68,"column":7}},"line":66},"4":{"name":"(anonymous_4)","decl":{"start":{"line":71,"column":17},"end":{"line":71,"column":18}},"loc":{"start":{"line":71,"column":23},"end":{"line":73,"column":7}},"line":71},"5":{"name":"(anonymous_5)","decl":{"start":{"line":77,"column":16},"end":{"line":77,"column":17}},"loc":{"start":{"line":77,"column":24},"end":{"line":108,"column":3}},"line":77},"6":{"name":"(anonymous_6)","decl":{"start":{"line":78,"column":11},"end":{"line":78,"column":12}},"loc":{"start":{"line":78,"column":22},"end":{"line":107,"column":5}},"line":78},"7":{"name":"(anonymous_7)","decl":{"start":{"line":83,"column":16},"end":{"line":83,"column":17}},"loc":{"start":{"line":83,"column":21},"end":{"line":83,"column":32}},"line":83},"8":{"name":"(anonymous_8)","decl":{"start":{"line":93,"column":17},"end":{"line":93,"column":18}},"loc":{"start":{"line":93,"column":25},"end":{"line":95,"column":25}},"line":93},"9":{"name":"(anonymous_9)","decl":{"start":{"line":98,"column":19},"end":{"line":98,"column":20}},"loc":{"start":{"line":98,"column":25},"end":{"line":100,"column":9}},"line":98},"10":{"name":"(anonymous_10)","decl":{"start":{"line":103,"column":19},"end":{"line":103,"column":20}},"loc":{"start":{"line":103,"column":25},"end":{"line":105,"column":9}},"line":103},"11":{"name":"(anonymous_11)","decl":{"start":{"line":110,"column":18},"end":{"line":110,"column":19}},"loc":{"start":{"line":110,"column":26},"end":{"line":135,"column":3}},"line":110},"12":{"name":"(anonymous_12)","decl":{"start":{"line":111,"column":11},"end":{"line":111,"column":12}},"loc":{"start":{"line":111,"column":22},"end":{"line":134,"column":5}},"line":111},"13":{"name":"(anonymous_13)","decl":{"start":{"line":116,"column":16},"end":{"line":116,"column":17}},"loc":{"start":{"line":116,"column":21},"end":{"line":116,"column":32}},"line":116},"14":{"name":"(anonymous_14)","decl":{"start":{"line":122,"column":20},"end":{"line":122,"column":21}},"loc":{"start":{"line":122,"column":28},"end":{"line":122,"column":42}},"line":122},"15":{"name":"(anonymous_15)","decl":{"start":{"line":125,"column":19},"end":{"line":125,"column":20}},"loc":{"start":{"line":125,"column":25},"end":{"line":127,"column":9}},"line":125},"16":{"name":"(anonymous_16)","decl":{"start":{"line":130,"column":19},"end":{"line":130,"column":20}},"loc":{"start":{"line":130,"column":25},"end":{"line":132,"column":9}},"line":130},"17":{"name":"(anonymous_17)","decl":{"start":{"line":137,"column":10},"end":{"line":137,"column":11}},"loc":{"start":{"line":137,"column":22},"end":{"line":152,"column":3}},"line":137},"18":{"name":"(anonymous_18)","decl":{"start":{"line":148,"column":17},"end":{"line":148,"column":18}},"loc":{"start":{"line":148,"column":23},"end":{"line":150,"column":7}},"line":148},"19":{"name":"(anonymous_19)","decl":{"start":{"line":154,"column":11},"end":{"line":154,"column":12}},"loc":{"start":{"line":154,"column":23},"end":{"line":163,"column":3}},"line":154},"20":{"name":"(anonymous_20)","decl":{"start":{"line":160,"column":15},"end":{"line":160,"column":16}},"loc":{"start":{"line":160,"column":21},"end":{"line":162,"column":5}},"line":160},"21":{"name":"(anonymous_21)","decl":{"start":{"line":165,"column":31},"end":{"line":165,"column":32}},"loc":{"start":{"line":165,"column":38},"end":{"line":169,"column":3}},"line":165},"22":{"name":"(anonymous_22)","decl":{"start":{"line":171,"column":29},"end":{"line":171,"column":30}},"loc":{"start":{"line":171,"column":36},"end":{"line":175,"column":3}},"line":171},"23":{"name":"(anonymous_23)","decl":{"start":{"line":177,"column":2},"end":{"line":177,"column":3}},"loc":{"start":{"line":177,"column":11},"end":{"line":253,"column":3}},"line":177},"24":{"name":"(anonymous_24)","decl":{"start":{"line":178,"column":18},"end":{"line":178,"column":19}},"loc":{"start":{"line":178,"column":24},"end":{"line":198,"column":5}},"line":178},"25":{"name":"(anonymous_25)","decl":{"start":{"line":185,"column":18},"end":{"line":185,"column":19}},"loc":{"start":{"line":185,"column":28},"end":{"line":185,"column":45}},"line":185},"26":{"name":"(anonymous_26)","decl":{"start":{"line":186,"column":17},"end":{"line":186,"column":18}},"loc":{"start":{"line":186,"column":25},"end":{"line":195,"column":59}},"line":186},"27":{"name":"(anonymous_27)","decl":{"start":{"line":200,"column":25},"end":{"line":200,"column":26}},"loc":{"start":{"line":200,"column":31},"end":{"line":215,"column":5}},"line":200},"28":{"name":"(anonymous_28)","decl":{"start":{"line":205,"column":17},"end":{"line":205,"column":18}},"loc":{"start":{"line":205,"column":30},"end":{"line":205,"column":66}},"line":205}},"branchMap":{"0":{"loc":{"start":{"line":35,"column":4},"end":{"line":39,"column":5}},"type":"if","locations":[{"start":{"line":35,"column":4},"end":{"line":39,"column":5}},{"start":{"line":35,"column":4},"end":{"line":39,"column":5}}],"line":35},"1":{"loc":{"start":{"line":93,"column":25},"end":{"line":95,"column":25}},"type":"cond-expr","locations":[{"start":{"line":94,"column":16},"end":{"line":94,"column":20}},{"start":{"line":95,"column":16},"end":{"line":95,"column":25}}],"line":93},"2":{"loc":{"start":{"line":217,"column":4},"end":{"line":229,"column":5}},"type":"if","locations":[{"start":{"line":217,"column":4},"end":{"line":229,"column":5}},{"start":{"line":217,"column":4},"end":{"line":229,"column":5}}],"line":217}},"s":{"0":2,"1":2,"2":2,"3":2,"4":2,"5":2,"6":0,"7":0,"8":0,"9":0,"10":0,"11":0,"12":0,"13":0,"14":0,"15":0,"16":0,"17":0,"18":0,"19":0,"20":3,"21":0,"22":0,"23":0,"24":0,"25":0,"26":0,"27":0,"28":0,"29":0,"30":0,"31":0,"32":0,"33":3,"34":0,"35":0,"36":0,"37":0,"38":0,"39":0,"40":0,"41":0,"42":0,"43":0,"44":0,"45":0,"46":0,"47":0,"48":0,"49":0,"50":0,"51":0,"52":0,"53":0,"54":0,"55":0,"56":0,"57":0,"58":0,"59":0,"60":0,"61":4,"62":1,"63":2,"64":3,"65":4,"66":1,"67":1,"68":4,"69":3,"70":1},"f":{"0":2,"1":2,"2":0,"3":0,"4":0,"5":3,"6":0,"7":0,"8":0,"9":0,"10":0,"11":3,"12":0,"13":0,"14":0,"15":0,"16":0,"17":0,"18":0,"19":0,"20":0,"21":0,"22":0,"23":4,"24":1,"25":2,"26":3,"27":1,"28":1},"b":{"0":[0,2],"1":[0,0],"2":[3,1]},"_coverageSchema":"332fd63041d2c1bcb487cc26dd0d5f7d97098a6c","hash":"d9410ae33cf4e63b3fd97ada2c6b0c74e5ecd4d2"}
,"C:\\Users\\Robin\\Desktop\\fullstackkurssi\\Osa 4\\front\\src\\index.js": {"path":"C:\\Users\\Robin\\Desktop\\fullstackkurssi\\Osa 4\\front\\src\\index.js","statementMap":{"0":{"start":{"line":1,"column":32},"end":{"line":1,"column":105}},"1":{"start":{"line":1,"column":119},"end":{"line":1,"column":135}},"2":{"start":{"line":1,"column":150},"end":{"line":1,"column":180}},"3":{"start":{"line":2,"column":16},"end":{"line":2,"column":36}},"4":{"start":{"line":2,"column":54},"end":{"line":2,"column":87}},"5":{"start":{"line":3,"column":11},"end":{"line":3,"column":27}},"6":{"start":{"line":3,"column":40},"end":{"line":3,"column":68}},"7":{"start":{"line":3,"column":107},"end":{"line":3,"column":161}},"8":{"start":{"line":5,"column":0},"end":{"line":6,"column":155}}},"fnMap":{"0":{"name":"_interopRequireDefault","decl":{"start":{"line":3,"column":78},"end":{"line":3,"column":100}},"loc":{"start":{"line":3,"column":106},"end":{"line":3,"column":162}},"line":3}},"branchMap":{"0":{"loc":{"start":{"line":3,"column":114},"end":{"line":3,"column":160}},"type":"cond-expr","locations":[{"start":{"line":3,"column":138},"end":{"line":3,"column":141}},{"start":{"line":3,"column":144},"end":{"line":3,"column":160}}],"line":3},"1":{"loc":{"start":{"line":3,"column":114},"end":{"line":3,"column":135}},"type":"binary-expr","locations":[{"start":{"line":3,"column":114},"end":{"line":3,"column":117}},{"start":{"line":3,"column":121},"end":{"line":3,"column":135}}],"line":3}},"s":{"0":0,"1":0,"2":0,"3":0,"4":0,"5":0,"6":0,"7":0,"8":0},"f":{"0":0},"b":{"0":[0,0],"1":[0,0]}}
,"C:\\Users\\Robin\\Desktop\\fullstackkurssi\\Osa 4\\front\\src\\setupTests.js": {"path":"C:\\Users\\Robin\\Desktop\\fullstackkurssi\\Osa 4\\front\\src\\setupTests.js","statementMap":{"0":{"start":{"line":4,"column":17},"end":{"line":4,"column":19}},"1":{"start":{"line":6,"column":25},"end":{"line":12,"column":1}},"2":{"start":{"line":8,"column":8},"end":{"line":8,"column":30}},"3":{"start":{"line":10,"column":22},"end":{"line":10,"column":37}},"4":{"start":{"line":14,"column":0},"end":{"line":14,"column":38}},"5":{"start":{"line":16,"column":0},"end":{"line":16,"column":35}}},"fnMap":{"0":{"name":"(anonymous_0)","decl":{"start":{"line":7,"column":13},"end":{"line":7,"column":14}},"loc":{"start":{"line":7,"column":28},"end":{"line":9,"column":5}},"line":7},"1":{"name":"(anonymous_1)","decl":{"start":{"line":10,"column":13},"end":{"line":10,"column":14}},"loc":{"start":{"line":10,"column":22},"end":{"line":10,"column":37}},"line":10}},"branchMap":{},"s":{"0":3,"1":3,"2":0,"3":2,"4":3,"5":3},"f":{"0":0,"1":2},"b":{},"_coverageSchema":"332fd63041d2c1bcb487cc26dd0d5f7d97098a6c","hash":"377e2d13ddb976529f1ffb21a31000ff18fbee23"}
,"C:\\Users\\Robin\\Desktop\\fullstackkurssi\\Osa 4\\front\\src\\components\\Blog.js": {"path":"C:\\Users\\Robin\\Desktop\\fullstackkurssi\\Osa 4\\front\\src\\components\\Blog.js","statementMap":{"0":{"start":{"line":5,"column":4},"end":{"line":5,"column":16}},"1":{"start":{"line":6,"column":4},"end":{"line":8,"column":5}},"2":{"start":{"line":12,"column":26},"end":{"line":16,"column":5}},"3":{"start":{"line":13,"column":6},"end":{"line":15,"column":8}},"4":{"start":{"line":18,"column":38},"end":{"line":29,"column":5}},"5":{"start":{"line":19,"column":6},"end":{"line":27,"column":7}},"6":{"start":{"line":20,"column":8},"end":{"line":22,"column":9}},"7":{"start":{"line":23,"column":13},"end":{"line":27,"column":7}},"8":{"start":{"line":24,"column":8},"end":{"line":26,"column":9}},"9":{"start":{"line":31,"column":20},"end":{"line":42,"column":5}},"10":{"start":{"line":32,"column":6},"end":{"line":41,"column":7}},"11":{"start":{"line":33,"column":8},"end":{"line":40,"column":9}},"12":{"start":{"line":44,"column":22},"end":{"line":49,"column":5}},"13":{"start":{"line":51,"column":4},"end":{"line":58,"column":5}}},"fnMap":{"0":{"name":"(anonymous_0)","decl":{"start":{"line":4,"column":2},"end":{"line":4,"column":3}},"loc":{"start":{"line":4,"column":21},"end":{"line":9,"column":3}},"line":4},"1":{"name":"(anonymous_1)","decl":{"start":{"line":11,"column":2},"end":{"line":11,"column":3}},"loc":{"start":{"line":11,"column":11},"end":{"line":59,"column":3}},"line":11},"2":{"name":"(anonymous_2)","decl":{"start":{"line":12,"column":26},"end":{"line":12,"column":27}},"loc":{"start":{"line":12,"column":32},"end":{"line":16,"column":5}},"line":12},"3":{"name":"(anonymous_3)","decl":{"start":{"line":18,"column":38},"end":{"line":18,"column":39}},"loc":{"start":{"line":18,"column":44},"end":{"line":29,"column":5}},"line":18},"4":{"name":"(anonymous_4)","decl":{"start":{"line":31,"column":20},"end":{"line":31,"column":21}},"loc":{"start":{"line":31,"column":26},"end":{"line":42,"column":5}},"line":31}},"branchMap":{"0":{"loc":{"start":{"line":19,"column":6},"end":{"line":27,"column":7}},"type":"if","locations":[{"start":{"line":19,"column":6},"end":{"line":27,"column":7}},{"start":{"line":19,"column":6},"end":{"line":27,"column":7}}],"line":19},"1":{"loc":{"start":{"line":23,"column":13},"end":{"line":27,"column":7}},"type":"if","locations":[{"start":{"line":23,"column":13},"end":{"line":27,"column":7}},{"start":{"line":23,"column":13},"end":{"line":27,"column":7}}],"line":23},"2":{"loc":{"start":{"line":32,"column":6},"end":{"line":41,"column":7}},"type":"if","locations":[{"start":{"line":32,"column":6},"end":{"line":41,"column":7}},{"start":{"line":32,"column":6},"end":{"line":41,"column":7}}],"line":32}},"s":{"0":5,"1":5,"2":6,"3":0,"4":6,"5":1,"6":0,"7":1,"8":0,"9":6,"10":6,"11":1,"12":6,"13":6},"f":{"0":5,"1":6,"2":0,"3":1,"4":6},"b":{"0":[0,1],"1":[0,1],"2":[1,5]},"_coverageSchema":"332fd63041d2c1bcb487cc26dd0d5f7d97098a6c","hash":"76a6191df7ce1e373d6d6c810d8bfb9e964aed9b"}
,"C:\\Users\\Robin\\Desktop\\fullstackkurssi\\Osa 4\\front\\src\\components\\BlogCreationForm.js": {"path":"C:\\Users\\Robin\\Desktop\\fullstackkurssi\\Osa 4\\front\\src\\components\\BlogCreationForm.js","statementMap":{"0":{"start":{"line":3,"column":25},"end":{"line":35,"column":1}},"1":{"start":{"line":4,"column":4},"end":{"line":34,"column":5}}},"fnMap":{"0":{"name":"(anonymous_0)","decl":{"start":{"line":3,"column":25},"end":{"line":3,"column":26}},"loc":{"start":{"line":3,"column":75},"end":{"line":35,"column":1}},"line":3}},"branchMap":{},"s":{"0":1,"1":1},"f":{"0":1},"b":{},"_coverageSchema":"332fd63041d2c1bcb487cc26dd0d5f7d97098a6c","hash":"83c23bd1c84d00a65bbc5866924a837e1fe23afa"}
,"C:\\Users\\Robin\\Desktop\\fullstackkurssi\\Osa 4\\front\\src\\components\\LoginForm.js": {"path":"C:\\Users\\Robin\\Desktop\\fullstackkurssi\\Osa 4\\front\\src\\components\\LoginForm.js","statementMap":{"0":{"start":{"line":4,"column":18},"end":{"line":29,"column":1}},"1":{"start":{"line":5,"column":4},"end":{"line":28,"column":5}},"2":{"start":{"line":31,"column":0},"end":{"line":36,"column":1}}},"fnMap":{"0":{"name":"(anonymous_0)","decl":{"start":{"line":4,"column":18},"end":{"line":4,"column":19}},"loc":{"start":{"line":4,"column":68},"end":{"line":29,"column":1}},"line":4}},"branchMap":{},"s":{"0":1,"1":3,"2":1},"f":{"0":3},"b":{},"_coverageSchema":"332fd63041d2c1bcb487cc26dd0d5f7d97098a6c","hash":"7c9ecfd1b9331c6d26943f7c3c10fbf6f837ce3f"}
,"C:\\Users\\Robin\\Desktop\\fullstackkurssi\\Osa 4\\front\\src\\components\\Notification.js": {"path":"C:\\Users\\Robin\\Desktop\\fullstackkurssi\\Osa 4\\front\\src\\components\\Notification.js","statementMap":{"0":{"start":{"line":3,"column":21},"end":{"line":20,"column":1}},"1":{"start":{"line":4,"column":4},"end":{"line":6,"column":5}},"2":{"start":{"line":5,"column":8},"end":{"line":5,"column":19}},"3":{"start":{"line":7,"column":4},"end":{"line":19,"column":5}},"4":{"start":{"line":8,"column":8},"end":{"line":12,"column":9}},"5":{"start":{"line":14,"column":8},"end":{"line":18,"column":9}}},"fnMap":{"0":{"name":"(anonymous_0)","decl":{"start":{"line":3,"column":21},"end":{"line":3,"column":22}},"loc":{"start":{"line":3,"column":42},"end":{"line":20,"column":1}},"line":3}},"branchMap":{"0":{"loc":{"start":{"line":4,"column":4},"end":{"line":6,"column":5}},"type":"if","locations":[{"start":{"line":4,"column":4},"end":{"line":6,"column":5}},{"start":{"line":4,"column":4},"end":{"line":6,"column":5}}],"line":4},"1":{"loc":{"start":{"line":7,"column":4},"end":{"line":19,"column":5}},"type":"if","locations":[{"start":{"line":7,"column":4},"end":{"line":19,"column":5}},{"start":{"line":7,"column":4},"end":{"line":19,"column":5}}],"line":7}},"s":{"0":1,"1":8,"2":8,"3":0,"4":0,"5":0},"f":{"0":8},"b":{"0":[8,0],"1":[0,0]},"_coverageSchema":"332fd63041d2c1bcb487cc26dd0d5f7d97098a6c","hash":"b4aaec58041f45bc3a71385992764b76e870b8c8"}
,"C:\\Users\\Robin\\Desktop\\fullstackkurssi\\Osa 4\\front\\src\\components\\SimpleBlog.js": {"path":"C:\\Users\\Robin\\Desktop\\fullstackkurssi\\Osa 4\\front\\src\\components\\SimpleBlog.js","statementMap":{"0":{"start":{"line":3,"column":19},"end":{"line":14,"column":1}},"1":{"start":{"line":4,"column":4},"end":{"line":13,"column":10}}},"fnMap":{"0":{"name":"(anonymous_0)","decl":{"start":{"line":3,"column":19},"end":{"line":3,"column":20}},"loc":{"start":{"line":4,"column":4},"end":{"line":13,"column":10}},"line":4}},"branchMap":{},"s":{"0":1,"1":0},"f":{"0":0},"b":{},"_coverageSchema":"332fd63041d2c1bcb487cc26dd0d5f7d97098a6c","hash":"f0bd68a5a35a9f95ed7a05db5a5c5a5a1d01907a"}
,"C:\\Users\\Robin\\Desktop\\fullstackkurssi\\Osa 4\\front\\src\\components\\Toggleable.js": {"path":"C:\\Users\\Robin\\Desktop\\fullstackkurssi\\Osa 4\\front\\src\\components\\Toggleable.js","statementMap":{"0":{"start":{"line":6,"column":8},"end":{"line":6,"column":20}},"1":{"start":{"line":7,"column":8},"end":{"line":9,"column":9}},"2":{"start":{"line":13,"column":8},"end":{"line":15,"column":10}},"3":{"start":{"line":19,"column":32},"end":{"line":23,"column":9}},"4":{"start":{"line":24,"column":32},"end":{"line":28,"column":9}},"5":{"start":{"line":30,"column":8},"end":{"line":40,"column":9}},"6":{"start":{"line":44,"column":0},"end":{"line":46,"column":1}}},"fnMap":{"0":{"name":"(anonymous_0)","decl":{"start":{"line":5,"column":4},"end":{"line":5,"column":5}},"loc":{"start":{"line":5,"column":23},"end":{"line":10,"column":5}},"line":5},"1":{"name":"(anonymous_1)","decl":{"start":{"line":12,"column":23},"end":{"line":12,"column":24}},"loc":{"start":{"line":12,"column":29},"end":{"line":16,"column":5}},"line":12},"2":{"name":"(anonymous_2)","decl":{"start":{"line":18,"column":4},"end":{"line":18,"column":5}},"loc":{"start":{"line":18,"column":13},"end":{"line":41,"column":5}},"line":18}},"branchMap":{"0":{"loc":{"start":{"line":20,"column":21},"end":{"line":22,"column":20}},"type":"cond-expr","locations":[{"start":{"line":21,"column":18},"end":{"line":21,"column":24}},{"start":{"line":22,"column":18},"end":{"line":22,"column":20}}],"line":20},"1":{"loc":{"start":{"line":25,"column":21},"end":{"line":27,"column":24}},"type":"cond-expr","locations":[{"start":{"line":26,"column":18},"end":{"line":26,"column":20}},{"start":{"line":27,"column":18},"end":{"line":27,"column":24}}],"line":25}},"s":{"0":1,"1":1,"2":0,"3":1,"4":1,"5":1,"6":1},"f":{"0":1,"1":0,"2":1},"b":{"0":[0,1],"1":[0,1]},"_coverageSchema":"332fd63041d2c1bcb487cc26dd0d5f7d97098a6c","hash":"96ada4ea6ee1bd6bdc9b5b422260a38ffed533d9"}
,"C:\\Users\\Robin\\Desktop\\fullstackkurssi\\Osa 4\\front\\src\\services\\blogs.js": {"path":"C:\\Users\\Robin\\Desktop\\fullstackkurssi\\Osa 4\\front\\src\\services\\blogs.js","statementMap":{"0":{"start":{"line":1,"column":13},"end":{"line":1,"column":75}},"1":{"start":{"line":1,"column":88},"end":{"line":1,"column":104}},"2":{"start":{"line":1,"column":119},"end":{"line":1,"column":149}},"3":{"start":{"line":1,"column":188},"end":{"line":1,"column":242}},"4":{"start":{"line":2,"column":16},"end":{"line":2,"column":28}},"5":{"start":{"line":4,"column":12},"end":{"line":4,"column":16}},"6":{"start":{"line":6,"column":15},"end":{"line":9,"column":1}},"7":{"start":{"line":7,"column":18},"end":{"line":7,"column":52}},"8":{"start":{"line":8,"column":2},"end":{"line":8,"column":22}},"9":{"start":{"line":11,"column":15},"end":{"line":20,"column":1}},"10":{"start":{"line":12,"column":17},"end":{"line":14,"column":32}},"11":{"start":{"line":18,"column":19},"end":{"line":18,"column":73}},"12":{"start":{"line":19,"column":2},"end":{"line":19,"column":23}},"13":{"start":{"line":22,"column":15},"end":{"line":31,"column":1}},"14":{"start":{"line":23,"column":17},"end":{"line":25,"column":32}},"15":{"start":{"line":29,"column":19},"end":{"line":29,"column":75}},"16":{"start":{"line":30,"column":2},"end":{"line":30,"column":23}},"17":{"start":{"line":33,"column":15},"end":{"line":36,"column":1}},"18":{"start":{"line":34,"column":19},"end":{"line":34,"column":75}},"19":{"start":{"line":35,"column":2},"end":{"line":35,"column":23}},"20":{"start":{"line":38,"column":17},"end":{"line":40,"column":1}},"21":{"start":{"line":39,"column":2},"end":{"line":39,"column":31}},"22":{"start":{"line":40,"column":2},"end":{"line":47,"column":13}}},"fnMap":{"0":{"name":"_interopRequireDefault","decl":{"start":{"line":1,"column":159},"end":{"line":1,"column":181}},"loc":{"start":{"line":1,"column":187},"end":{"line":1,"column":243}},"line":1},"1":{"name":"(anonymous_1)","decl":{"start":{"line":6,"column":15},"end":{"line":6,"column":16}},"loc":{"start":{"line":6,"column":27},"end":{"line":9,"column":1}},"line":6},"2":{"name":"(anonymous_2)","decl":{"start":{"line":11,"column":15},"end":{"line":11,"column":16}},"loc":{"start":{"line":11,"column":34},"end":{"line":20,"column":1}},"line":11},"3":{"name":"(anonymous_3)","decl":{"start":{"line":22,"column":15},"end":{"line":22,"column":16}},"loc":{"start":{"line":22,"column":27},"end":{"line":31,"column":1}},"line":22},"4":{"name":"(anonymous_4)","decl":{"start":{"line":33,"column":15},"end":{"line":33,"column":16}},"loc":{"start":{"line":33,"column":40},"end":{"line":36,"column":1}},"line":33},"5":{"name":"(anonymous_5)","decl":{"start":{"line":38,"column":17},"end":{"line":38,"column":18}},"loc":{"start":{"line":38,"column":29},"end":{"line":40,"column":1}},"line":38}},"branchMap":{"0":{"loc":{"start":{"line":1,"column":195},"end":{"line":1,"column":241}},"type":"cond-expr","locations":[{"start":{"line":1,"column":219},"end":{"line":1,"column":222}},{"start":{"line":1,"column":225},"end":{"line":1,"column":241}}],"line":1},"1":{"loc":{"start":{"line":1,"column":195},"end":{"line":1,"column":216}},"type":"binary-expr","locations":[{"start":{"line":1,"column":195},"end":{"line":1,"column":198}},{"start":{"line":1,"column":202},"end":{"line":1,"column":216}}],"line":1}},"s":{"0":0,"1":0,"2":0,"3":0,"4":0,"5":0,"6":0,"7":0,"8":0,"9":0,"10":0,"11":0,"12":0,"13":0,"14":0,"15":0,"16":0,"17":0,"18":0,"19":0,"20":0,"21":0,"22":0},"f":{"0":0,"1":0,"2":0,"3":0,"4":0,"5":0},"b":{"0":[0,0],"1":[0,0]}}
,"C:\\Users\\Robin\\Desktop\\fullstackkurssi\\Osa 4\\front\\src\\services\\login.js": {"path":"C:\\Users\\Robin\\Desktop\\fullstackkurssi\\Osa 4\\front\\src\\services\\login.js","statementMap":{"0":{"start":{"line":2,"column":16},"end":{"line":2,"column":28}},"1":{"start":{"line":4,"column":14},"end":{"line":7,"column":1}},"2":{"start":{"line":5,"column":19},"end":{"line":5,"column":57}},"3":{"start":{"line":6,"column":2},"end":{"line":6,"column":22}}},"fnMap":{"0":{"name":"(anonymous_0)","decl":{"start":{"line":4,"column":14},"end":{"line":4,"column":15}},"loc":{"start":{"line":4,"column":36},"end":{"line":7,"column":1}},"line":4}},"branchMap":{},"s":{"0":1,"1":1,"2":0,"3":0},"f":{"0":0},"b":{},"_coverageSchema":"332fd63041d2c1bcb487cc26dd0d5f7d97098a6c","hash":"b336489a3f33fc7b84f881da5daaf831ba3c487a"}
}
